2025-05-09T06:55:03.601Z [INFO]: GET request to the root endpoint
2025-05-09T06:55:03.613Z [DEBUG]: Request headers:
2025-05-09T06:56:26.852Z [INFO]: GET request to the root endpoint
2025-05-09T06:56:26.853Z [DEBUG]: Request headers:
2025-05-09T06:57:08.421Z [INFO]: GET request to the root endpoint
2025-05-09T06:57:08.422Z [DEBUG]: Request headers:
2025-05-09T06:57:38.119Z [INFO]: GET request to the root endpoint
2025-05-09T06:57:38.125Z [DEBUG]: Request headers:
2025-05-09T06:58:59.126Z [INFO]: GET request to the root endpoint
2025-05-09T06:58:59.129Z [DEBUG]: Request headers:
2025-05-09T06:59:57.946Z [INFO]: GET request to the root endpoint
2025-05-09T06:59:57.951Z [DEBUG]: Request headers:
2025-05-09T07:00:13.218Z [INFO]: GET request to the root endpoint
2025-05-09T07:00:13.219Z [DEBUG]: Request headers:
2025-05-09T07:00:34.076Z [INFO]: GET request to the root endpoint
2025-05-09T07:00:34.077Z [DEBUG]: Request headers:
2025-05-09T07:25:00.111Z [INFO]: Connected to MongoDB
2025-05-09T07:25:45.600Z [ERROR]: Error connecting to MongoDB: bad auth : authentication failed
2025-05-09T07:26:30.178Z [INFO]: Connected to MongoDB
2025-05-14T07:01:40.701Z [INFO]: Incoming request to /register
2025-05-14T07:02:21.819Z [INFO]: Incoming request to /api/auth/register
2025-05-14T07:03:42.484Z [INFO]: Incoming request to /api/auth/register from ::1 with headers: [object Object]
2025-05-14T09:47:03.667Z [INFO]: Incoming request to /api/auth/register
2025-05-14T09:49:03.691Z [INFO]: Incoming request to /api/auth/register
2025-05-14T09:49:33.264Z [INFO]: Incoming request to /api/auth/register
2025-05-14T09:49:38.462Z [INFO]: Incoming request to /api/auth/register
2025-05-14T09:51:54.984Z [INFO]: Incoming request to /api/auth/register
2025-05-14T09:52:11.169Z [INFO]: Incoming request to /api/auth/register
2025-05-14T09:56:21.375Z [INFO]: Incoming request to /api/auth/register
2025-05-14T09:56:26.244Z [INFO]: Incoming request to /api/auth/register
2025-05-14T09:57:11.365Z [INFO]: Incoming request to /api/auth/register
2025-05-14T09:57:50.653Z [INFO]: Incoming request to /api/auth/register
2025-05-14T09:57:57.999Z [INFO]: Incoming request to /api/auth/register
2025-05-14T09:58:31.433Z [INFO]: Incoming request to /api/auth/register
